Using pre-set license
Built from '2021.1/staging' branch; Version is '2021.1.25f1 (b6f2b893ea32) revision 11989688'; Using compiler version '192528614'; Build Type 'Release'
OS: 'Windows 10 Pro; OS build 19043.1348; Version 2009; 64bit' Language: 'ru' Physical Memory: 8084 MB
BatchMode: 1, IsHumanControllingUs: 0, StartBugReporterOnCrash: 0, Is64bit: 1, IsPro: 0

COMMAND LINE ARGUMENTS:
C:\Program Files\Unity\Hub\Editor\2021.1.25f1\Editor\Unity.exe
-adb2
-batchMode
-noUpm
-name
AssetImportWorker0
-projectPath
C:/Users/Uaer/source/Platform
-logFile
Logs/AssetImportWorker0.log
-srvPort
60467
Successfully changed project path to: C:/Users/Uaer/source/Platform
C:/Users/Uaer/source/Platform
Using Asset Import Pipeline V2.
Refreshing native plugins compatible for Editor in 108.31 ms, found 4 plugins.
Preloading 0 native plugins for Editor in 0.00 ms.
Initialize engine version: 2021.1.25f1 (b6f2b893ea32)
[Subsystems] Discovering subsystems at path C:/Program Files/Unity/Hub/Editor/2021.1.25f1/Editor/Data/Resources/UnitySubsystems
[Subsystems] Discovering subsystems at path C:/Users/Uaer/source/Platform/Assets
GfxDevice: creating device client; threaded=0; jobified=0
Direct3D:
    Version:  Direct3D 11.0 [level 11.1]
    Renderer: Intel(R) HD Graphics 630 (ID=0x5912)
    Vendor:   Intel
    VRAM:     4042 MB
    Driver:   27.20.100.8682
Initialize mono
Mono path[0] = 'C:/Program Files/Unity/Hub/Editor/2021.1.25f1/Editor/Data/Managed'
Mono path[1] = 'C:/Program Files/Unity/Hub/Editor/2021.1.25f1/Editor/Data/MonoBleedingEdge/lib/mono/unityjit'
Mono config path = 'C:/Program Files/Unity/Hub/Editor/2021.1.25f1/Editor/Data/MonoBleedingEdge/etc'
Using monoOptions --debugger-agent=transport=dt_socket,embedding=1,server=y,suspend=n,address=127.0.0.1:56632
Begin MonoManager ReloadAssembly
Registering precompiled unity dll's ...
Register platform support module: C:/Program Files/Unity/Hub/Editor/2021.1.25f1/Editor/Data/PlaybackEngines/WindowsStandaloneSupport/UnityEditor.WindowsStandalone.Extensions.dll
Registered in 0.001857 seconds.
Native extension for WindowsStandalone target not found
Refreshing native plugins compatible for Editor in 113.09 ms, found 4 plugins.
Preloading 0 native plugins for Editor in 0.00 ms.
Mono: successfully reloaded assembly
- Completed reload, in  2.226 seconds
Domain Reload Profiling:
	ReloadAssembly (2226ms)
		BeginReloadAssembly (67ms)
			ExecutionOrderSort (0ms)
			DisableScriptedObjects (0ms)
			BackupInstance (0ms)
			ReleaseScriptingObjects (0ms)
			CreateAndSetChildDomain (1ms)
		EndReloadAssembly (558ms)
			LoadAssemblies (65ms)
			RebuildTransferFunctionScriptingTraits (0ms)
			SetupTypeCache (181ms)
			ReleaseScriptCaches (0ms)
			RebuildScriptCaches (38ms)
			SetupLoadedEditorAssemblies (283ms)
				LogAssemblyErrors (0ms)
				InitializePlatformSupportModulesInManaged (7ms)
				SetLoadedEditorAssemblies (0ms)
				RefreshPlugins (113ms)
				BeforeProcessingInitializeOnLoad (1ms)
				ProcessInitializeOnLoadAttributes (130ms)
				ProcessInitializeOnLoadMethodAttributes (31ms)
				AfterProcessingInitializeOnLoad (0ms)
				EditorAssembliesLoaded (0ms)
			ExecutionOrderSort2 (0ms)
			AwakeInstancesAfterBackupRestoration (0ms)
Platform modules already initialized, skipping
Registering precompiled user dll's ...
Registered in 0.005028 seconds.
Begin MonoManager ReloadAssembly
Symbol file LoadedFromMemory doesn't match image C:\Users\Uaer\source\Platform\Library\PackageCache\com.unity.visualscripting@1.6.1\Editor\VisualScripting.Core\Dependencies\YamlDotNet\Unity.VisualScripting.YamlDotNet.dll
Symbol file LoadedFromMemory doesn't match image C:\Users\Uaer\source\Platform\Library\PackageCache\com.unity.visualscripting@1.6.1\Editor\VisualScripting.Core\Dependencies\DotNetZip\Unity.VisualScripting.IonicZip.dll
Native extension for WindowsStandalone target not found
Refreshing native plugins compatible for Editor in 106.38 ms, found 4 plugins.
Preloading 0 native plugins for Editor in 0.00 ms.
Mono: successfully reloaded assembly
- Completed reload, in  1.415 seconds
Domain Reload Profiling:
	ReloadAssembly (1415ms)
		BeginReloadAssembly (165ms)
			ExecutionOrderSort (0ms)
			DisableScriptedObjects (5ms)
			BackupInstance (0ms)
			ReleaseScriptingObjects (0ms)
			CreateAndSetChildDomain (23ms)
		EndReloadAssembly (1190ms)
			LoadAssemblies (104ms)
			RebuildTransferFunctionScriptingTraits (0ms)
			SetupTypeCache (424ms)
			ReleaseScriptCaches (1ms)
			RebuildScriptCaches (65ms)
			SetupLoadedEditorAssemblies (500ms)
				LogAssemblyErrors (0ms)
				InitializePlatformSupportModulesInManaged (5ms)
				SetLoadedEditorAssemblies (0ms)
				RefreshPlugins (106ms)
				BeforeProcessingInitializeOnLoad (98ms)
				ProcessInitializeOnLoadAttributes (265ms)
				ProcessInitializeOnLoadMethodAttributes (20ms)
				AfterProcessingInitializeOnLoad (6ms)
				EditorAssembliesLoaded (0ms)
			ExecutionOrderSort2 (0ms)
			AwakeInstancesAfterBackupRestoration (7ms)
Platform modules already initialized, skipping
========================================================================
Worker process is ready to serve import requests
Launched and connected shader compiler UnityShaderCompiler.exe after 0.08 seconds
Refreshing native plugins compatible for Editor in 0.73 ms, found 4 plugins.
Preloading 0 native plugins for Editor in 0.00 ms.
Unloading 3698 Unused Serialized files (Serialized files now loaded: 0)
System memory in use before: 136.9 MB.
System memory in use after: 137.1 MB.

Unloading 30 unused Assets to reduce memory usage. Loaded Objects now: 4148.
Total: 3.583300 ms (FindLiveObjects: 0.291600 ms CreateObjectMapping: 0.223100 ms MarkObjects: 2.999800 ms  DeleteObjects: 0.067400 ms)

AssetImportParameters requested are different than current active one (requested -> active):
  custom:framework-win-MediaFoundation: 216162199b28c13a410421893ffa2e32 -> 
  custom:video-decoder-ogg-theora: a1e56fd34408186e4bbccfd4996cb3dc -> 
  custom:container-muxer-webm: aa71ff27fc2769a1b78a27578f13a17b -> 
  custom:container-demuxer-webm: 4f35f7cbe854078d1ac9338744f61a02 -> 
  custom:container-demuxer-ogg: 62fdf1f143b41e24485cea50d1cbac27 -> 
  custom:video-encoder-webm-vp8: eb34c28f22e8b96e1ab97ce403110664 -> 
  custom:video-decoder-webm-vp8: 9c59270c3fd7afecdb556c50c9e8de78 -> 
  custom:audio-decoder-ogg-vorbis: bf7c407c2cedff20999df2af8eb42d56 -> 
  custom:audio-encoder-webm-vorbis: bf7c407c2cedff20999df2af8eb42d56 -> 
========================================================================
Received Import Request.
  path: Assets/Prefabs
  artifactKey: Guid(d8c4b60d8dbe389498334c0f6b98a479) Importer(815301076,1909f56bfc062723c751e8b465ee728b)
Start importing Assets/Prefabs using Guid(d8c4b60d8dbe389498334c0f6b98a479) Importer(815301076,1909f56bfc062723c751e8b465ee728b)  -> (artifact id: 'eacca5a4cdb70414fd236e6453444f39') in 0.012222 seconds 
========================================================================
Received Import Request.
  Time since last request: 14.346027 seconds.
  path: Assets/Prefabs/Platforms
  artifactKey: Guid(48dda5749560dee469291652802f1226) Importer(815301076,1909f56bfc062723c751e8b465ee728b)
Start importing Assets/Prefabs/Platforms using Guid(48dda5749560dee469291652802f1226) Importer(815301076,1909f56bfc062723c751e8b465ee728b)  -> (artifact id: 'dbc63025340adcb586def1a85daf39e5') in 0.021301 seconds 
========================================================================
Received Import Request.
  Time since last request: 5.444621 seconds.
  path: Assets/Prefabs/Platforms/Square (1).prefab
  artifactKey: Guid(8742d0fbf28241f47bb6bce5124a4da7) Importer(815301076,1909f56bfc062723c751e8b465ee728b)
Start importing Assets/Prefabs/Platforms/Square (1).prefab using Guid(8742d0fbf28241f47bb6bce5124a4da7) Importer(815301076,1909f56bfc062723c751e8b465ee728b)  -> (artifact id: '571043ab02d0a78755d7488f1ead64b6') in 0.158673 seconds 
========================================================================
Received Import Request.
  Time since last request: 62.795269 seconds.
  path: Assets/Materials
  artifactKey: Guid(b5e5f90dc79a6424584143bab9e25741) Importer(815301076,1909f56bfc062723c751e8b465ee728b)
Start importing Assets/Materials using Guid(b5e5f90dc79a6424584143bab9e25741) Importer(815301076,1909f56bfc062723c751e8b465ee728b)  -> (artifact id: '1e35947a1dbad0da19946696e57db641') in 0.013413 seconds 
========================================================================
Received Import Request.
  Time since last request: 14.990607 seconds.
  path: Assets/Materials/New Material.mat
  artifactKey: Guid(46a4e93af42fe934a9c4eca850453cd7) Importer(815301076,1909f56bfc062723c751e8b465ee728b)
Start importing Assets/Materials/New Material.mat using Guid(46a4e93af42fe934a9c4eca850453cd7) Importer(815301076,1909f56bfc062723c751e8b465ee728b)  -> (artifact id: '4faf72225711c0e84db1a98f3cc0889f') in 0.076869 seconds 
========================================================================
Received Import Request.
  Time since last request: 24.161233 seconds.
  path: Assets/Materials/New Material 1.mat
  artifactKey: Guid(36f5d0ddfbce482468cdc44a626c0a5d) Importer(815301076,1909f56bfc062723c751e8b465ee728b)
Start importing Assets/Materials/New Material 1.mat using Guid(36f5d0ddfbce482468cdc44a626c0a5d) Importer(815301076,1909f56bfc062723c751e8b465ee728b)  -> (artifact id: '6219bca1a49b4a0859929d1339a87336') in 0.029897 seconds 
========================================================================
Received Import Request.
  Time since last request: 24.605846 seconds.
  path: Assets/Materials/New Material 2.mat
  artifactKey: Guid(68aa693e38ec9a249ae24d99263acff3) Importer(815301076,1909f56bfc062723c751e8b465ee728b)
Start importing Assets/Materials/New Material 2.mat using Guid(68aa693e38ec9a249ae24d99263acff3) Importer(815301076,1909f56bfc062723c751e8b465ee728b)  -> (artifact id: '804bf53f5ebe215e6bda2a6890cd22c0') in 0.032059 seconds 
========================================================================
Received Import Request.
  Time since last request: 48.429939 seconds.
  path: Assets/Prefabs/Platforms/Square (1).prefab
  artifactKey: Guid(8742d0fbf28241f47bb6bce5124a4da7) Importer(815301076,1909f56bfc062723c751e8b465ee728b)
Start importing Assets/Prefabs/Platforms/Square (1).prefab using Guid(8742d0fbf28241f47bb6bce5124a4da7) Importer(815301076,1909f56bfc062723c751e8b465ee728b)  -> (artifact id: '00af0775f557ec9f927e8c852a05366e') in 0.023818 seconds 
========================================================================
Received Import Request.
  Time since last request: 0.355155 seconds.
  path: Assets/Prefabs/Platforms/Square (1).prefab
  artifactKey: Guid(8742d0fbf28241f47bb6bce5124a4da7) Importer(815301076,1909f56bfc062723c751e8b465ee728b)
Start importing Assets/Prefabs/Platforms/Square (1).prefab using Guid(8742d0fbf28241f47bb6bce5124a4da7) Importer(815301076,1909f56bfc062723c751e8b465ee728b)  -> (artifact id: 'a85a9b40a814cb191653d7cba3d4bccb') in 0.033751 seconds 
========================================================================
Received Import Request.
  Time since last request: 1.823180 seconds.
  path: Assets/Prefabs/Platforms/Square (1).prefab
  artifactKey: Guid(8742d0fbf28241f47bb6bce5124a4da7) Importer(815301076,1909f56bfc062723c751e8b465ee728b)
Start importing Assets/Prefabs/Platforms/Square (1).prefab using Guid(8742d0fbf28241f47bb6bce5124a4da7) Importer(815301076,1909f56bfc062723c751e8b465ee728b)  -> (artifact id: '60a42498164dd03cd127c5497e36d45d') in 0.018547 seconds 
========================================================================
Received Import Request.
  Time since last request: 0.000284 seconds.
  path: Assets/Prefabs/Platforms/Square (2).prefab
  artifactKey: Guid(8c2190105c3a04b478210d04ecb046a0) Importer(815301076,1909f56bfc062723c751e8b465ee728b)
Start importing Assets/Prefabs/Platforms/Square (2).prefab using Guid(8c2190105c3a04b478210d04ecb046a0) Importer(815301076,1909f56bfc062723c751e8b465ee728b)  -> (artifact id: 'f197c21355cea49689521d5199d59277') in 0.022520 seconds 
========================================================================
Received Import Request.
  Time since last request: 2.003129 seconds.
  path: Assets/Prefabs/Platforms/Square (1) 1.prefab
  artifactKey: Guid(9b9cf1a91c2472348a1be4395f5a28e4) Importer(815301076,1909f56bfc062723c751e8b465ee728b)
Start importing Assets/Prefabs/Platforms/Square (1) 1.prefab using Guid(9b9cf1a91c2472348a1be4395f5a28e4) Importer(815301076,1909f56bfc062723c751e8b465ee728b)  -> (artifact id: 'c165abd420914bb1af936e8e0ca12197') in 0.023912 seconds 
========================================================================
Received Import Request.
  Time since last request: 0.000257 seconds.
  path: Assets/Prefabs/Platforms/Square (1).prefab
  artifactKey: Guid(8742d0fbf28241f47bb6bce5124a4da7) Importer(815301076,1909f56bfc062723c751e8b465ee728b)
Start importing Assets/Prefabs/Platforms/Square (1).prefab using Guid(8742d0fbf28241f47bb6bce5124a4da7) Importer(815301076,1909f56bfc062723c751e8b465ee728b)  -> (artifact id: '6cb0a31672358540abd41e1bbf6b4845') in 0.017489 seconds 
========================================================================
Received Import Request.
  Time since last request: 20.482157 seconds.
  path: Assets/Prefabs/Platforms/Square (1).prefab
  artifactKey: Guid(8742d0fbf28241f47bb6bce5124a4da7) Importer(815301076,1909f56bfc062723c751e8b465ee728b)
Start importing Assets/Prefabs/Platforms/Square (1).prefab using Guid(8742d0fbf28241f47bb6bce5124a4da7) Importer(815301076,1909f56bfc062723c751e8b465ee728b)  -> (artifact id: '9d74285da1e8a51e1e9f9df943d2f92d') in 0.013917 seconds 
========================================================================
Received Import Request.
  Time since last request: 5.397277 seconds.
  path: Assets/Prefabs/Platforms/Square (1) 1.prefab
  artifactKey: Guid(9b9cf1a91c2472348a1be4395f5a28e4) Importer(815301076,1909f56bfc062723c751e8b465ee728b)
Start importing Assets/Prefabs/Platforms/Square (1) 1.prefab using Guid(9b9cf1a91c2472348a1be4395f5a28e4) Importer(815301076,1909f56bfc062723c751e8b465ee728b)  -> (artifact id: 'f1bb879b99c993bb242907b9258039e3') in 0.019457 seconds 
========================================================================
Received Import Request.
  Time since last request: 1570.139394 seconds.
  path: Assets/Prefabs/Platforms/Square (2).prefab
  artifactKey: Guid(8c2190105c3a04b478210d04ecb046a0) Importer(815301076,1909f56bfc062723c751e8b465ee728b)
Start importing Assets/Prefabs/Platforms/Square (2).prefab using Guid(8c2190105c3a04b478210d04ecb046a0) Importer(815301076,1909f56bfc062723c751e8b465ee728b)  -> (artifact id: 'afc93b091435a30ec5f16c32a96bd54c') in 0.017234 seconds 
========================================================================
Received Import Request.
  Time since last request: 10.840802 seconds.
  path: Assets/Prefabs/Platforms/Square (1).prefab
  artifactKey: Guid(8742d0fbf28241f47bb6bce5124a4da7) Importer(815301076,1909f56bfc062723c751e8b465ee728b)
Start importing Assets/Prefabs/Platforms/Square (1).prefab using Guid(8742d0fbf28241f47bb6bce5124a4da7) Importer(815301076,1909f56bfc062723c751e8b465ee728b)  -> (artifact id: '09050dd3c45a054e0c75edabf21e7b18') in 0.022431 seconds 
========================================================================
Received Import Request.
  Time since last request: 8.692187 seconds.
  path: Assets/Prefabs/Platforms/Square (1).prefab
  artifactKey: Guid(8742d0fbf28241f47bb6bce5124a4da7) Importer(815301076,1909f56bfc062723c751e8b465ee728b)
Start importing Assets/Prefabs/Platforms/Square (1).prefab using Guid(8742d0fbf28241f47bb6bce5124a4da7) Importer(815301076,1909f56bfc062723c751e8b465ee728b)  -> (artifact id: '566ac16af9ca09bc60b63c0267272eac') in 0.024801 seconds 
========================================================================
Received Import Request.
  Time since last request: 48.651203 seconds.
  path: Assets/Prefabs/Platforms/Square (1).prefab
  artifactKey: Guid(8742d0fbf28241f47bb6bce5124a4da7) Importer(815301076,1909f56bfc062723c751e8b465ee728b)
Start importing Assets/Prefabs/Platforms/Square (1).prefab using Guid(8742d0fbf28241f47bb6bce5124a4da7) Importer(815301076,1909f56bfc062723c751e8b465ee728b)  -> (artifact id: '5497b00f41cfa6cbe3dd971e08cd0800') in 0.013404 seconds 
========================================================================
Received Import Request.
  Time since last request: 26.630359 seconds.
  path: Assets/Prefabs/Platforms/Square (1) 1.prefab
  artifactKey: Guid(9b9cf1a91c2472348a1be4395f5a28e4) Importer(815301076,1909f56bfc062723c751e8b465ee728b)
Start importing Assets/Prefabs/Platforms/Square (1) 1.prefab using Guid(9b9cf1a91c2472348a1be4395f5a28e4) Importer(815301076,1909f56bfc062723c751e8b465ee728b)  -> (artifact id: 'ef6ae6ee2629da6ea3146f9016f57cdd') in 0.023205 seconds 
========================================================================
Received Import Request.
  Time since last request: 6.412945 seconds.
  path: Assets/Prefabs/Platforms/Square (1) 1.prefab
  artifactKey: Guid(9b9cf1a91c2472348a1be4395f5a28e4) Importer(815301076,1909f56bfc062723c751e8b465ee728b)
Start importing Assets/Prefabs/Platforms/Square (1) 1.prefab using Guid(9b9cf1a91c2472348a1be4395f5a28e4) Importer(815301076,1909f56bfc062723c751e8b465ee728b)  -> (artifact id: 'bab7f9814df1acef717a1a961e68d10c') in 0.026281 seconds 
========================================================================
Received Import Request.
  Time since last request: 5.444807 seconds.
  path: Assets/Prefabs/Platforms/Square (1) 1.prefab
  artifactKey: Guid(9b9cf1a91c2472348a1be4395f5a28e4) Importer(815301076,1909f56bfc062723c751e8b465ee728b)
Start importing Assets/Prefabs/Platforms/Square (1) 1.prefab using Guid(9b9cf1a91c2472348a1be4395f5a28e4) Importer(815301076,1909f56bfc062723c751e8b465ee728b)  -> (artifact id: '81ec650fbd6df3112ed2a8952040f2dc') in 0.025287 seconds 
========================================================================
Received Import Request.
  Time since last request: 2.184223 seconds.
  path: Assets/Prefabs/Platforms/Square (1) 1.prefab
  artifactKey: Guid(9b9cf1a91c2472348a1be4395f5a28e4) Importer(815301076,1909f56bfc062723c751e8b465ee728b)
Start importing Assets/Prefabs/Platforms/Square (1) 1.prefab using Guid(9b9cf1a91c2472348a1be4395f5a28e4) Importer(815301076,1909f56bfc062723c751e8b465ee728b)  -> (artifact id: '4fde5eaff3f965f6549a2a0a1a5fca2c') in 0.023393 seconds 
========================================================================
Received Import Request.
  Time since last request: 11.353960 seconds.
  path: Assets/Prefabs/Platforms/Square (1) 1.prefab
  artifactKey: Guid(9b9cf1a91c2472348a1be4395f5a28e4) Importer(815301076,1909f56bfc062723c751e8b465ee728b)
Start importing Assets/Prefabs/Platforms/Square (1) 1.prefab using Guid(9b9cf1a91c2472348a1be4395f5a28e4) Importer(815301076,1909f56bfc062723c751e8b465ee728b)  -> (artifact id: 'edcda1ef7fa54aa56b41ae05e1be8fe7') in 0.019038 seconds 
========================================================================
Received Import Request.
  Time since last request: 11.159379 seconds.
  path: Assets/Prefabs/Platforms/Square (1) 1.prefab
  artifactKey: Guid(9b9cf1a91c2472348a1be4395f5a28e4) Importer(815301076,1909f56bfc062723c751e8b465ee728b)
Start importing Assets/Prefabs/Platforms/Square (1) 1.prefab using Guid(9b9cf1a91c2472348a1be4395f5a28e4) Importer(815301076,1909f56bfc062723c751e8b465ee728b)  -> (artifact id: '3ba870001c2b9d801ff77c6cf3a34d71') in 0.028184 seconds 
========================================================================
Received Import Request.
  Time since last request: 28.753375 seconds.
  path: Assets/Prefabs/Platforms/Square (1) 1.prefab
  artifactKey: Guid(9b9cf1a91c2472348a1be4395f5a28e4) Importer(815301076,1909f56bfc062723c751e8b465ee728b)
Start importing Assets/Prefabs/Platforms/Square (1) 1.prefab using Guid(9b9cf1a91c2472348a1be4395f5a28e4) Importer(815301076,1909f56bfc062723c751e8b465ee728b)  -> (artifact id: '69f250ab81c35748c52095d5cb8ecc05') in 0.025571 seconds 
========================================================================
Received Import Request.
  Time since last request: 153.203595 seconds.
  path: Assets/Prefabs/Platforms/Square (1) 1.prefab
  artifactKey: Guid(9b9cf1a91c2472348a1be4395f5a28e4) Importer(815301076,1909f56bfc062723c751e8b465ee728b)
Start importing Assets/Prefabs/Platforms/Square (1) 1.prefab using Guid(9b9cf1a91c2472348a1be4395f5a28e4) Importer(815301076,1909f56bfc062723c751e8b465ee728b)  -> (artifact id: '480edc2f6ec74ca05ad31192e1408d06') in 0.016569 seconds 
========================================================================
Received Import Request.
  Time since last request: 9.703800 seconds.
  path: Assets/Prefabs/Platforms/Square (1) 1.prefab
  artifactKey: Guid(9b9cf1a91c2472348a1be4395f5a28e4) Importer(815301076,1909f56bfc062723c751e8b465ee728b)
Start importing Assets/Prefabs/Platforms/Square (1) 1.prefab using Guid(9b9cf1a91c2472348a1be4395f5a28e4) Importer(815301076,1909f56bfc062723c751e8b465ee728b)  -> (artifact id: 'f4e10b997f2e7db53537b3fe0d4918c0') in 0.032129 seconds 
========================================================================
Received Import Request.
  Time since last request: 7.172220 seconds.
  path: Assets/Prefabs/Platforms/Square (1) 1.prefab
  artifactKey: Guid(9b9cf1a91c2472348a1be4395f5a28e4) Importer(815301076,1909f56bfc062723c751e8b465ee728b)
Start importing Assets/Prefabs/Platforms/Square (1) 1.prefab using Guid(9b9cf1a91c2472348a1be4395f5a28e4) Importer(815301076,1909f56bfc062723c751e8b465ee728b)  -> (artifact id: '5d0f79e474bb072617d559a365b46e01') in 0.025180 seconds 
========================================================================
Received Import Request.
  Time since last request: 24.181840 seconds.
  path: Assets/Prefabs/Platforms/Square (1) 1 1.prefab
  artifactKey: Guid(bf5fb9b8fe5cd1f45b75ecb7918007ad) Importer(815301076,1909f56bfc062723c751e8b465ee728b)
Start importing Assets/Prefabs/Platforms/Square (1) 1 1.prefab using Guid(bf5fb9b8fe5cd1f45b75ecb7918007ad) Importer(815301076,1909f56bfc062723c751e8b465ee728b)  -> (artifact id: 'f5442aa9d7967405ede3ce4af999681c') in 0.022515 seconds 
========================================================================
Received Import Request.
  Time since last request: 0.000242 seconds.
  path: Assets/Prefabs/Platforms/Square (1) 1.prefab
  artifactKey: Guid(9b9cf1a91c2472348a1be4395f5a28e4) Importer(815301076,1909f56bfc062723c751e8b465ee728b)
Start importing Assets/Prefabs/Platforms/Square (1) 1.prefab using Guid(9b9cf1a91c2472348a1be4395f5a28e4) Importer(815301076,1909f56bfc062723c751e8b465ee728b)  -> (artifact id: '74c52fe7a6915fa10e06234f7a63ac8b') in 0.013695 seconds 
========================================================================
Received Import Request.
  Time since last request: 21.886467 seconds.
  path: Assets/Prefabs/Platforms/Square (1) 1.prefab
  artifactKey: Guid(9b9cf1a91c2472348a1be4395f5a28e4) Importer(815301076,1909f56bfc062723c751e8b465ee728b)
Start importing Assets/Prefabs/Platforms/Square (1) 1.prefab using Guid(9b9cf1a91c2472348a1be4395f5a28e4) Importer(815301076,1909f56bfc062723c751e8b465ee728b)  -> (artifact id: '4609e66d516cf59aef457817163fc694') in 0.027816 seconds 
========================================================================
Received Import Request.
  Time since last request: 6.658788 seconds.
  path: Assets/Prefabs/Platforms/Square (1) 1.prefab
  artifactKey: Guid(9b9cf1a91c2472348a1be4395f5a28e4) Importer(815301076,1909f56bfc062723c751e8b465ee728b)
Start importing Assets/Prefabs/Platforms/Square (1) 1.prefab using Guid(9b9cf1a91c2472348a1be4395f5a28e4) Importer(815301076,1909f56bfc062723c751e8b465ee728b)  -> (artifact id: 'd02961ad0c4e1288d399891cd116df7b') in 0.029773 seconds 
========================================================================
Received Import Request.
  Time since last request: 33.165125 seconds.
  path: Assets/Prefabs/Platforms/GameObject.prefab
  artifactKey: Guid(68e305187bc38864ab7d4b5519ce7dc5) Importer(815301076,1909f56bfc062723c751e8b465ee728b)
Start importing Assets/Prefabs/Platforms/GameObject.prefab using Guid(68e305187bc38864ab7d4b5519ce7dc5) Importer(815301076,1909f56bfc062723c751e8b465ee728b)  -> (artifact id: '7b15d17d39639880b91298d547271231') in 0.027212 seconds 
========================================================================
Received Import Request.
  Time since last request: 5.977308 seconds.
  path: Assets/Prefabs/Platforms/GameObject.prefab
  artifactKey: Guid(68e305187bc38864ab7d4b5519ce7dc5) Importer(815301076,1909f56bfc062723c751e8b465ee728b)
Start importing Assets/Prefabs/Platforms/GameObject.prefab using Guid(68e305187bc38864ab7d4b5519ce7dc5) Importer(815301076,1909f56bfc062723c751e8b465ee728b)  -> (artifact id: '2d456c369d146f9a4b04a15b4d15048e') in 0.014880 seconds 
========================================================================
Received Import Request.
  Time since last request: 13.759290 seconds.
  path: Assets/Prefabs/Platforms/GameObject.prefab
  artifactKey: Guid(68e305187bc38864ab7d4b5519ce7dc5) Importer(815301076,1909f56bfc062723c751e8b465ee728b)
Start importing Assets/Prefabs/Platforms/GameObject.prefab using Guid(68e305187bc38864ab7d4b5519ce7dc5) Importer(815301076,1909f56bfc062723c751e8b465ee728b)  -> (artifact id: 'f533e7e97470fdabc8cc8c65508c2b4d') in 0.010415 seconds 
========================================================================
Received Import Request.
  Time since last request: 6.741995 seconds.
  path: Assets/Prefabs/Platforms/GameObject.prefab
  artifactKey: Guid(68e305187bc38864ab7d4b5519ce7dc5) Importer(815301076,1909f56bfc062723c751e8b465ee728b)
Start importing Assets/Prefabs/Platforms/GameObject.prefab using Guid(68e305187bc38864ab7d4b5519ce7dc5) Importer(815301076,1909f56bfc062723c751e8b465ee728b)  -> (artifact id: '4123d1364c97b196a994b78f419e81f1') in 0.025744 seconds 
========================================================================
Received Import Request.
  Time since last request: 4.002701 seconds.
  path: Assets/Prefabs/Platforms/GameObject.prefab
  artifactKey: Guid(68e305187bc38864ab7d4b5519ce7dc5) Importer(815301076,1909f56bfc062723c751e8b465ee728b)
Start importing Assets/Prefabs/Platforms/GameObject.prefab using Guid(68e305187bc38864ab7d4b5519ce7dc5) Importer(815301076,1909f56bfc062723c751e8b465ee728b)  -> (artifact id: '50d5173c96a0fb05efe71bd77e739a6e') in 0.026243 seconds 
========================================================================
Received Import Request.
  Time since last request: 7.842870 seconds.
  path: Assets/Prefabs/Platforms/GameObject.prefab
  artifactKey: Guid(68e305187bc38864ab7d4b5519ce7dc5) Importer(815301076,1909f56bfc062723c751e8b465ee728b)
Start importing Assets/Prefabs/Platforms/GameObject.prefab using Guid(68e305187bc38864ab7d4b5519ce7dc5) Importer(815301076,1909f56bfc062723c751e8b465ee728b)  -> (artifact id: '2548e64fb47f6b9505c1ba1900d67336') in 0.022090 seconds 
========================================================================
Received Import Request.
  Time since last request: 5.403244 seconds.
  path: Assets/Prefabs/Platforms/GameObject.prefab
  artifactKey: Guid(68e305187bc38864ab7d4b5519ce7dc5) Importer(815301076,1909f56bfc062723c751e8b465ee728b)
Start importing Assets/Prefabs/Platforms/GameObject.prefab using Guid(68e305187bc38864ab7d4b5519ce7dc5) Importer(815301076,1909f56bfc062723c751e8b465ee728b)  -> (artifact id: '11c700f52158452df16350a63df1a15b') in 0.021576 seconds 
========================================================================
Received Import Request.
  Time since last request: 0.594855 seconds.
  path: Assets/Prefabs/Platforms/GameObject.prefab
  artifactKey: Guid(68e305187bc38864ab7d4b5519ce7dc5) Importer(815301076,1909f56bfc062723c751e8b465ee728b)
Start importing Assets/Prefabs/Platforms/GameObject.prefab using Guid(68e305187bc38864ab7d4b5519ce7dc5) Importer(815301076,1909f56bfc062723c751e8b465ee728b)  -> (artifact id: '97782acfb3a2ef4578267b3f6ff8a938') in 0.022272 seconds 
========================================================================
Received Import Request.
  Time since last request: 8.294727 seconds.
  path: Assets/Prefabs/Platforms/GameObject.prefab
  artifactKey: Guid(68e305187bc38864ab7d4b5519ce7dc5) Importer(815301076,1909f56bfc062723c751e8b465ee728b)
Start importing Assets/Prefabs/Platforms/GameObject.prefab using Guid(68e305187bc38864ab7d4b5519ce7dc5) Importer(815301076,1909f56bfc062723c751e8b465ee728b)  -> (artifact id: 'd37bcc9dd0bd54835b9c02cf7304cedd') in 0.024889 seconds 
========================================================================
Received Import Request.
  Time since last request: 7.868436 seconds.
  path: Assets/Prefabs/Platforms/GameObject.prefab
  artifactKey: Guid(68e305187bc38864ab7d4b5519ce7dc5) Importer(815301076,1909f56bfc062723c751e8b465ee728b)
Start importing Assets/Prefabs/Platforms/GameObject.prefab using Guid(68e305187bc38864ab7d4b5519ce7dc5) Importer(815301076,1909f56bfc062723c751e8b465ee728b)  -> (artifact id: '2581e99ff0e086b47c31f3b407fb3686') in 0.028167 seconds 
========================================================================
Received Import Request.
  Time since last request: 6.426385 seconds.
  path: Assets/Prefabs/Platforms/GameObject.prefab
  artifactKey: Guid(68e305187bc38864ab7d4b5519ce7dc5) Importer(815301076,1909f56bfc062723c751e8b465ee728b)
Start importing Assets/Prefabs/Platforms/GameObject.prefab using Guid(68e305187bc38864ab7d4b5519ce7dc5) Importer(815301076,1909f56bfc062723c751e8b465ee728b)  -> (artifact id: '0065820462e6ffbc376e16ba9afb52be') in 0.026032 seconds 
========================================================================
Received Import Request.
  Time since last request: 12.085334 seconds.
  path: Assets/Prefabs/Platforms/GameObject.prefab
  artifactKey: Guid(68e305187bc38864ab7d4b5519ce7dc5) Importer(815301076,1909f56bfc062723c751e8b465ee728b)
Start importing Assets/Prefabs/Platforms/GameObject.prefab using Guid(68e305187bc38864ab7d4b5519ce7dc5) Importer(815301076,1909f56bfc062723c751e8b465ee728b)  -> (artifact id: 'd9fb533c893875927b98cfb4ba1083d7') in 0.026180 seconds 
========================================================================
Received Import Request.
  Time since last request: 4.619078 seconds.
  path: Assets/Prefabs/Platforms/GameObject.prefab
  artifactKey: Guid(68e305187bc38864ab7d4b5519ce7dc5) Importer(815301076,1909f56bfc062723c751e8b465ee728b)
Start importing Assets/Prefabs/Platforms/GameObject.prefab using Guid(68e305187bc38864ab7d4b5519ce7dc5) Importer(815301076,1909f56bfc062723c751e8b465ee728b)  -> (artifact id: '6fb49c9aa2b8a698df8066a25ce67ef5') in 0.026910 seconds 
========================================================================
Received Import Request.
  Time since last request: 3.613061 seconds.
  path: Assets/Prefabs/Platforms/GameObject.prefab
  artifactKey: Guid(68e305187bc38864ab7d4b5519ce7dc5) Importer(815301076,1909f56bfc062723c751e8b465ee728b)
Start importing Assets/Prefabs/Platforms/GameObject.prefab using Guid(68e305187bc38864ab7d4b5519ce7dc5) Importer(815301076,1909f56bfc062723c751e8b465ee728b)  -> (artifact id: 'e3eb60c29535d386e9094c16b34c0690') in 0.026721 seconds 
========================================================================
Received Import Request.
  Time since last request: 6.656889 seconds.
  path: Assets/Prefabs/Platforms/GameObject.prefab
  artifactKey: Guid(68e305187bc38864ab7d4b5519ce7dc5) Importer(815301076,1909f56bfc062723c751e8b465ee728b)
Start importing Assets/Prefabs/Platforms/GameObject.prefab using Guid(68e305187bc38864ab7d4b5519ce7dc5) Importer(815301076,1909f56bfc062723c751e8b465ee728b)  -> (artifact id: 'f49e3bd4ce470f8db7322bcddef3774c') in 0.026679 seconds 
========================================================================
Received Import Request.
  Time since last request: 4.017674 seconds.
  path: Assets/Prefabs/Platforms/GameObject.prefab
  artifactKey: Guid(68e305187bc38864ab7d4b5519ce7dc5) Importer(815301076,1909f56bfc062723c751e8b465ee728b)
Start importing Assets/Prefabs/Platforms/GameObject.prefab using Guid(68e305187bc38864ab7d4b5519ce7dc5) Importer(815301076,1909f56bfc062723c751e8b465ee728b)  -> (artifact id: '889c925fd53d6c279011d2b6fa37cc08') in 0.024970 seconds 
========================================================================
Received Import Request.
  Time since last request: 4.395107 seconds.
  path: Assets/Prefabs/Platforms/GameObject.prefab
  artifactKey: Guid(68e305187bc38864ab7d4b5519ce7dc5) Importer(815301076,1909f56bfc062723c751e8b465ee728b)
Start importing Assets/Prefabs/Platforms/GameObject.prefab using Guid(68e305187bc38864ab7d4b5519ce7dc5) Importer(815301076,1909f56bfc062723c751e8b465ee728b)  -> (artifact id: 'f06d66b819fef808f8dfbaf9ecb4ae59') in 0.025441 seconds 
========================================================================
Received Import Request.
  Time since last request: 15.692833 seconds.
  path: Assets/Prefabs/Platforms/GameObject.prefab
  artifactKey: Guid(68e305187bc38864ab7d4b5519ce7dc5) Importer(815301076,1909f56bfc062723c751e8b465ee728b)
Start importing Assets/Prefabs/Platforms/GameObject.prefab using Guid(68e305187bc38864ab7d4b5519ce7dc5) Importer(815301076,1909f56bfc062723c751e8b465ee728b)  -> (artifact id: 'c937db725f0681752cce5512ecdca59f') in 0.014521 seconds 
========================================================================
Received Import Request.
  Time since last request: 19.835311 seconds.
  path: Assets/Prefabs/Platforms/GameObject 1.prefab
  artifactKey: Guid(3429907d53c1a5f42bdf5002b763206c) Importer(815301076,1909f56bfc062723c751e8b465ee728b)
Start importing Assets/Prefabs/Platforms/GameObject 1.prefab using Guid(3429907d53c1a5f42bdf5002b763206c) Importer(815301076,1909f56bfc062723c751e8b465ee728b)  -> (artifact id: 'c8fb9bf65b070408f7b347b52182c1cf') in 0.012768 seconds 
========================================================================
Received Import Request.
  Time since last request: 20.007417 seconds.
  path: Assets/Prefabs/Platforms/GameObject 1.prefab
  artifactKey: Guid(3429907d53c1a5f42bdf5002b763206c) Importer(815301076,1909f56bfc062723c751e8b465ee728b)
Start importing Assets/Prefabs/Platforms/GameObject 1.prefab using Guid(3429907d53c1a5f42bdf5002b763206c) Importer(815301076,1909f56bfc062723c751e8b465ee728b)  -> (artifact id: 'e00bc73c79587616b98ce2b4f9d6b5cb') in 0.025208 seconds 
========================================================================
Received Import Request.
  Time since last request: 1.338035 seconds.
  path: Assets/Prefabs/Platforms/GameObject 1.prefab
  artifactKey: Guid(3429907d53c1a5f42bdf5002b763206c) Importer(815301076,1909f56bfc062723c751e8b465ee728b)
Start importing Assets/Prefabs/Platforms/GameObject 1.prefab using Guid(3429907d53c1a5f42bdf5002b763206c) Importer(815301076,1909f56bfc062723c751e8b465ee728b)  -> (artifact id: '6d4e5560a9aa51ad05800e1b18e1b291') in 0.022895 seconds 
========================================================================
Received Import Request.
  Time since last request: 4.224038 seconds.
  path: Assets/Prefabs/Platforms/GameObject 1.prefab
  artifactKey: Guid(3429907d53c1a5f42bdf5002b763206c) Importer(815301076,1909f56bfc062723c751e8b465ee728b)
Start importing Assets/Prefabs/Platforms/GameObject 1.prefab using Guid(3429907d53c1a5f42bdf5002b763206c) Importer(815301076,1909f56bfc062723c751e8b465ee728b)  -> (artifact id: '1d0a477b9450c251093e1348376d9cbe') in 0.025444 seconds 
========================================================================
Received Import Request.
  Time since last request: 1.023515 seconds.
  path: Assets/Prefabs/Platforms/GameObject 1.prefab
  artifactKey: Guid(3429907d53c1a5f42bdf5002b763206c) Importer(815301076,1909f56bfc062723c751e8b465ee728b)
Start importing Assets/Prefabs/Platforms/GameObject 1.prefab using Guid(3429907d53c1a5f42bdf5002b763206c) Importer(815301076,1909f56bfc062723c751e8b465ee728b)  -> (artifact id: 'ccc88d0b3536289213649fb0b4e4205f') in 0.021129 seconds 
========================================================================
Received Import Request.
  Time since last request: 3.426586 seconds.
  path: Assets/Prefabs/Platforms/GameObject 1.prefab
  artifactKey: Guid(3429907d53c1a5f42bdf5002b763206c) Importer(815301076,1909f56bfc062723c751e8b465ee728b)
Start importing Assets/Prefabs/Platforms/GameObject 1.prefab using Guid(3429907d53c1a5f42bdf5002b763206c) Importer(815301076,1909f56bfc062723c751e8b465ee728b)  -> (artifact id: 'ef763f817fb4a53f101b6b6dc46ebb2d') in 0.021963 seconds 
========================================================================
Received Import Request.
  Time since last request: 3.002959 seconds.
  path: Assets/Prefabs/Platforms/GameObject 1.prefab
  artifactKey: Guid(3429907d53c1a5f42bdf5002b763206c) Importer(815301076,1909f56bfc062723c751e8b465ee728b)
Start importing Assets/Prefabs/Platforms/GameObject 1.prefab using Guid(3429907d53c1a5f42bdf5002b763206c) Importer(815301076,1909f56bfc062723c751e8b465ee728b)  -> (artifact id: 'f5cf546fea4ecc2eae1566eda0d838c0') in 0.022277 seconds 
========================================================================
Received Import Request.
  Time since last request: 7.044854 seconds.
  path: Assets/Prefabs/Platforms/GameObject 1.prefab
  artifactKey: Guid(3429907d53c1a5f42bdf5002b763206c) Importer(815301076,1909f56bfc062723c751e8b465ee728b)
Start importing Assets/Prefabs/Platforms/GameObject 1.prefab using Guid(3429907d53c1a5f42bdf5002b763206c) Importer(815301076,1909f56bfc062723c751e8b465ee728b)  -> (artifact id: 'e946fc68ba3d871481f062ed7d6b359a') in 0.026075 seconds 
========================================================================
Received Import Request.
  Time since last request: 4.425312 seconds.
  path: Assets/Prefabs/Platforms/GameObject 1.prefab
  artifactKey: Guid(3429907d53c1a5f42bdf5002b763206c) Importer(815301076,1909f56bfc062723c751e8b465ee728b)
Start importing Assets/Prefabs/Platforms/GameObject 1.prefab using Guid(3429907d53c1a5f42bdf5002b763206c) Importer(815301076,1909f56bfc062723c751e8b465ee728b)  -> (artifact id: '344be37afada3b8d3bc674dee9a0680c') in 0.028407 seconds 
========================================================================
Received Import Request.
  Time since last request: 13.285172 seconds.
  path: Assets/Prefabs/Platforms/GameObject 1.prefab
  artifactKey: Guid(3429907d53c1a5f42bdf5002b763206c) Importer(815301076,1909f56bfc062723c751e8b465ee728b)
Start importing Assets/Prefabs/Platforms/GameObject 1.prefab using Guid(3429907d53c1a5f42bdf5002b763206c) Importer(815301076,1909f56bfc062723c751e8b465ee728b)  -> (artifact id: 'e036745fd4de24ce9453ef7b1557474f') in 0.029327 seconds 
========================================================================
Received Import Request.
  Time since last request: 7.234033 seconds.
  path: Assets/Prefabs/Platforms/GameObject 1.prefab
  artifactKey: Guid(3429907d53c1a5f42bdf5002b763206c) Importer(815301076,1909f56bfc062723c751e8b465ee728b)
Start importing Assets/Prefabs/Platforms/GameObject 1.prefab using Guid(3429907d53c1a5f42bdf5002b763206c) Importer(815301076,1909f56bfc062723c751e8b465ee728b)  -> (artifact id: 'bd43297ac7fd2483e614fad285fb9b09') in 0.020491 seconds 
========================================================================
Received Import Request.
  Time since last request: 5.835820 seconds.
  path: Assets/Prefabs/Platforms/GameObject 1.prefab
  artifactKey: Guid(3429907d53c1a5f42bdf5002b763206c) Importer(815301076,1909f56bfc062723c751e8b465ee728b)
Start importing Assets/Prefabs/Platforms/GameObject 1.prefab using Guid(3429907d53c1a5f42bdf5002b763206c) Importer(815301076,1909f56bfc062723c751e8b465ee728b)  -> (artifact id: '59bcdca3fef3684b0de9ddd06f4a336f') in 0.018391 seconds 
========================================================================
Received Import Request.
  Time since last request: 12.504477 seconds.
  path: Assets/Prefabs/Platforms/GameObject 1.prefab
  artifactKey: Guid(3429907d53c1a5f42bdf5002b763206c) Importer(815301076,1909f56bfc062723c751e8b465ee728b)
Start importing Assets/Prefabs/Platforms/GameObject 1.prefab using Guid(3429907d53c1a5f42bdf5002b763206c) Importer(815301076,1909f56bfc062723c751e8b465ee728b)  -> (artifact id: '9172379e78a65ad959c6e0a1831a7cbc') in 0.018741 seconds 
========================================================================
Received Import Request.
  Time since last request: 17.661642 seconds.
  path: Assets/Prefabs/Platforms/GameObject 2.prefab
  artifactKey: Guid(46320bf203d7a5b43a3d6fe709e37984) Importer(815301076,1909f56bfc062723c751e8b465ee728b)
Start importing Assets/Prefabs/Platforms/GameObject 2.prefab using Guid(46320bf203d7a5b43a3d6fe709e37984) Importer(815301076,1909f56bfc062723c751e8b465ee728b)  -> (artifact id: 'f038f36d80278f035d50e2ee8cf74bc7') in 0.013067 seconds 
========================================================================
Received Import Request.
  Time since last request: 9.766908 seconds.
  path: Assets/Prefabs/Platforms/GameObject 2.prefab
  artifactKey: Guid(46320bf203d7a5b43a3d6fe709e37984) Importer(815301076,1909f56bfc062723c751e8b465ee728b)
Start importing Assets/Prefabs/Platforms/GameObject 2.prefab using Guid(46320bf203d7a5b43a3d6fe709e37984) Importer(815301076,1909f56bfc062723c751e8b465ee728b)  -> (artifact id: '72d765a491c308b028bca5f68edd3a09') in 0.030100 seconds 
========================================================================
Received Prepare
Registering precompiled user dll's ...
Registered in 0.005833 seconds.
Begin MonoManager ReloadAssembly
Symbol file LoadedFromMemory doesn't match image C:\Users\Uaer\source\Platform\Library\PackageCache\com.unity.visualscripting@1.6.1\Editor\VisualScripting.Core\Dependencies\YamlDotNet\Unity.VisualScripting.YamlDotNet.dll
Symbol file LoadedFromMemory doesn't match image C:\Users\Uaer\source\Platform\Library\PackageCache\com.unity.visualscripting@1.6.1\Editor\VisualScripting.Core\Dependencies\DotNetZip\Unity.VisualScripting.IonicZip.dll
Native extension for WindowsStandalone target not found
Refreshing native plugins compatible for Editor in 0.75 ms, found 4 plugins.
Preloading 0 native plugins for Editor in 0.00 ms.
Mono: successfully reloaded assembly
- Completed reload, in  1.498 seconds
Domain Reload Profiling:
	ReloadAssembly (1498ms)
		BeginReloadAssembly (237ms)
			ExecutionOrderSort (0ms)
			DisableScriptedObjects (15ms)
			BackupInstance (0ms)
			ReleaseScriptingObjects (0ms)
			CreateAndSetChildDomain (114ms)
		EndReloadAssembly (1184ms)
			LoadAssemblies (125ms)
			RebuildTransferFunctionScriptingTraits (0ms)
			SetupTypeCache (447ms)
			ReleaseScriptCaches (1ms)
			RebuildScriptCaches (62ms)
			SetupLoadedEditorAssemblies (420ms)
				LogAssemblyErrors (0ms)
				InitializePlatformSupportModulesInManaged (8ms)
				SetLoadedEditorAssemblies (0ms)
				RefreshPlugins (1ms)
				BeforeProcessingInitializeOnLoad (84ms)
				ProcessInitializeOnLoadAttributes (310ms)
				ProcessInitializeOnLoadMethodAttributes (11ms)
				AfterProcessingInitializeOnLoad (6ms)
				EditorAssembliesLoaded (0ms)
			ExecutionOrderSort2 (0ms)
			AwakeInstancesAfterBackupRestoration (15ms)
Platform modules already initialized, skipping
Refreshing native plugins compatible for Editor in 1.69 ms, found 4 plugins.
Preloading 0 native plugins for Editor in 0.00 ms.
Unloading 3688 Unused Serialized files (Serialized files now loaded: 0)
System memory in use before: 140.9 MB.
System memory in use after: 141.1 MB.

Unloading 18 unused Assets to reduce memory usage. Loaded Objects now: 4191.
Total: 9.980200 ms (FindLiveObjects: 0.696400 ms CreateObjectMapping: 0.518000 ms MarkObjects: 8.720100 ms  DeleteObjects: 0.043500 ms)

AssetImportParameters requested are different than current active one (requested -> active):
  custom:framework-win-MediaFoundation: 216162199b28c13a410421893ffa2e32 -> 
  custom:video-decoder-ogg-theora: a1e56fd34408186e4bbccfd4996cb3dc -> 
  custom:container-muxer-webm: aa71ff27fc2769a1b78a27578f13a17b -> 
  custom:container-demuxer-webm: 4f35f7cbe854078d1ac9338744f61a02 -> 
  custom:container-demuxer-ogg: 62fdf1f143b41e24485cea50d1cbac27 -> 
  custom:video-encoder-webm-vp8: eb34c28f22e8b96e1ab97ce403110664 -> 
  custom:video-decoder-webm-vp8: 9c59270c3fd7afecdb556c50c9e8de78 -> 
  custom:audio-decoder-ogg-vorbis: bf7c407c2cedff20999df2af8eb42d56 -> 
  custom:audio-encoder-webm-vorbis: bf7c407c2cedff20999df2af8eb42d56 -> 
========================================================================
Received Prepare
Registering precompiled user dll's ...
Registered in 0.127529 seconds.
Begin MonoManager ReloadAssembly
Symbol file LoadedFromMemory doesn't match image C:\Users\Uaer\source\Platform\Library\PackageCache\com.unity.visualscripting@1.6.1\Editor\VisualScripting.Core\Dependencies\YamlDotNet\Unity.VisualScripting.YamlDotNet.dll
Symbol file LoadedFromMemory doesn't match image C:\Users\Uaer\source\Platform\Library\PackageCache\com.unity.visualscripting@1.6.1\Editor\VisualScripting.Core\Dependencies\DotNetZip\Unity.VisualScripting.IonicZip.dll
Native extension for WindowsStandalone target not found
Refreshing native plugins compatible for Editor in 0.70 ms, found 4 plugins.
Preloading 0 native plugins for Editor in 0.00 ms.
Mono: successfully reloaded assembly
- Completed reload, in  1.288 seconds
Domain Reload Profiling:
	ReloadAssembly (1289ms)
		BeginReloadAssembly (216ms)
			ExecutionOrderSort (0ms)
			DisableScriptedObjects (30ms)
			BackupInstance (0ms)
			ReleaseScriptingObjects (0ms)
			CreateAndSetChildDomain (79ms)
		EndReloadAssembly (1009ms)
			LoadAssemblies (124ms)
			RebuildTransferFunctionScriptingTraits (0ms)
			SetupTypeCache (380ms)
			ReleaseScriptCaches (1ms)
			RebuildScriptCaches (54ms)
			SetupLoadedEditorAssemblies (354ms)
				LogAssemblyErrors (0ms)
				InitializePlatformSupportModulesInManaged (6ms)
				SetLoadedEditorAssemblies (0ms)
				RefreshPlugins (1ms)
				BeforeProcessingInitializeOnLoad (80ms)
				ProcessInitializeOnLoadAttributes (251ms)
				ProcessInitializeOnLoadMethodAttributes (10ms)
				AfterProcessingInitializeOnLoad (6ms)
				EditorAssembliesLoaded (0ms)
			ExecutionOrderSort2 (0ms)
			AwakeInstancesAfterBackupRestoration (12ms)
Platform modules already initialized, skipping
Refreshing native plugins compatible for Editor in 0.71 ms, found 4 plugins.
Preloading 0 native plugins for Editor in 0.00 ms.
Unloading 3688 Unused Serialized files (Serialized files now loaded: 0)
System memory in use before: 140.9 MB.
System memory in use after: 141.2 MB.

Unloading 18 unused Assets to reduce memory usage. Loaded Objects now: 4194.
Total: 3.976100 ms (FindLiveObjects: 0.288700 ms CreateObjectMapping: 0.163300 ms MarkObjects: 3.500000 ms  DeleteObjects: 0.022800 ms)

AssetImportParameters requested are different than current active one (requested -> active):
  custom:framework-win-MediaFoundation: 216162199b28c13a410421893ffa2e32 -> 
  custom:video-decoder-ogg-theora: a1e56fd34408186e4bbccfd4996cb3dc -> 
  custom:container-muxer-webm: aa71ff27fc2769a1b78a27578f13a17b -> 
  custom:container-demuxer-webm: 4f35f7cbe854078d1ac9338744f61a02 -> 
  custom:container-demuxer-ogg: 62fdf1f143b41e24485cea50d1cbac27 -> 
  custom:video-encoder-webm-vp8: eb34c28f22e8b96e1ab97ce403110664 -> 
  custom:video-decoder-webm-vp8: 9c59270c3fd7afecdb556c50c9e8de78 -> 
  custom:audio-decoder-ogg-vorbis: bf7c407c2cedff20999df2af8eb42d56 -> 
  custom:audio-encoder-webm-vorbis: bf7c407c2cedff20999df2af8eb42d56 -> 
========================================================================
Received Import Request.
  Time since last request: 15414.398169 seconds.
  path: Assets/Scripts/Input/Enums
  artifactKey: Guid(0e9589b3dbdc61947bf620ea31a94890) Importer(815301076,1909f56bfc062723c751e8b465ee728b)
Start importing Assets/Scripts/Input/Enums using Guid(0e9589b3dbdc61947bf620ea31a94890) Importer(815301076,1909f56bfc062723c751e8b465ee728b)  -> (artifact id: '043a1c2dff3f0a51e47f3c3298e50729') in 0.022409 seconds 
========================================================================
Received Import Request.
  Time since last request: 31.273124 seconds.
  path: Assets/Scripts/Input/Enums/InpuType.cs
  artifactKey: Guid(018fcdd636e228043ab38ccadbb750da) Importer(815301076,1909f56bfc062723c751e8b465ee728b)
Start importing Assets/Scripts/Input/Enums/InpuType.cs using Guid(018fcdd636e228043ab38ccadbb750da) Importer(815301076,1909f56bfc062723c751e8b465ee728b)  -> (artifact id: '17292a2df3a3d6aa5f61ee2c3e59510d') in 0.020386 seconds 
========================================================================
Received Prepare
Registering precompiled user dll's ...
Registered in 0.004977 seconds.
Begin MonoManager ReloadAssembly
Symbol file LoadedFromMemory doesn't match image C:\Users\Uaer\source\Platform\Library\PackageCache\com.unity.visualscripting@1.6.1\Editor\VisualScripting.Core\Dependencies\YamlDotNet\Unity.VisualScripting.YamlDotNet.dll
Symbol file LoadedFromMemory doesn't match image C:\Users\Uaer\source\Platform\Library\PackageCache\com.unity.visualscripting@1.6.1\Editor\VisualScripting.Core\Dependencies\DotNetZip\Unity.VisualScripting.IonicZip.dll
Native extension for WindowsStandalone target not found
Refreshing native plugins compatible for Editor in 0.76 ms, found 4 plugins.
Preloading 0 native plugins for Editor in 0.00 ms.
Mono: successfully reloaded assembly
- Completed reload, in  1.642 seconds
Domain Reload Profiling:
	ReloadAssembly (1642ms)
		BeginReloadAssembly (259ms)
			ExecutionOrderSort (0ms)
			DisableScriptedObjects (13ms)
			BackupInstance (0ms)
			ReleaseScriptingObjects (0ms)
			CreateAndSetChildDomain (86ms)
		EndReloadAssembly (1292ms)
			LoadAssemblies (177ms)
			RebuildTransferFunctionScriptingTraits (0ms)
			SetupTypeCache (478ms)
			ReleaseScriptCaches (1ms)
			RebuildScriptCaches (76ms)
			SetupLoadedEditorAssemblies (477ms)
				LogAssemblyErrors (0ms)
				InitializePlatformSupportModulesInManaged (6ms)
				SetLoadedEditorAssemblies (0ms)
				RefreshPlugins (1ms)
				BeforeProcessingInitializeOnLoad (95ms)
				ProcessInitializeOnLoadAttributes (358ms)
				ProcessInitializeOnLoadMethodAttributes (10ms)
				AfterProcessingInitializeOnLoad (6ms)
				EditorAssembliesLoaded (0ms)
			ExecutionOrderSort2 (0ms)
			AwakeInstancesAfterBackupRestoration (17ms)
Platform modules already initialized, skipping
Refreshing native plugins compatible for Editor in 0.77 ms, found 4 plugins.
Preloading 0 native plugins for Editor in 0.00 ms.
Unloading 3689 Unused Serialized files (Serialized files now loaded: 0)
System memory in use before: 141.0 MB.
System memory in use after: 141.2 MB.

Unloading 18 unused Assets to reduce memory usage. Loaded Objects now: 4198.
Total: 5.188900 ms (FindLiveObjects: 0.307100 ms CreateObjectMapping: 0.266500 ms MarkObjects: 4.582700 ms  DeleteObjects: 0.030900 ms)

AssetImportParameters requested are different than current active one (requested -> active):
  custom:framework-win-MediaFoundation: 216162199b28c13a410421893ffa2e32 -> 
  custom:video-decoder-ogg-theora: a1e56fd34408186e4bbccfd4996cb3dc -> 
  custom:container-muxer-webm: aa71ff27fc2769a1b78a27578f13a17b -> 
  custom:container-demuxer-webm: 4f35f7cbe854078d1ac9338744f61a02 -> 
  custom:container-demuxer-ogg: 62fdf1f143b41e24485cea50d1cbac27 -> 
  custom:video-encoder-webm-vp8: eb34c28f22e8b96e1ab97ce403110664 -> 
  custom:video-decoder-webm-vp8: 9c59270c3fd7afecdb556c50c9e8de78 -> 
  custom:audio-decoder-ogg-vorbis: bf7c407c2cedff20999df2af8eb42d56 -> 
  custom:audio-encoder-webm-vorbis: bf7c407c2cedff20999df2af8eb42d56 -> 
========================================================================
Received Import Request.
  Time since last request: 14.036983 seconds.
  path: Assets/Scripts/Input/Enums/InputType.cs
  artifactKey: Guid(018fcdd636e228043ab38ccadbb750da) Importer(815301076,1909f56bfc062723c751e8b465ee728b)
Start importing Assets/Scripts/Input/Enums/InputType.cs using Guid(018fcdd636e228043ab38ccadbb750da) Importer(815301076,1909f56bfc062723c751e8b465ee728b)  -> (artifact id: '6ee6cc30c7db86a9cddefd476cca7051') in 0.040315 seconds 
========================================================================
Received Prepare
Registering precompiled user dll's ...
Registered in 0.006874 seconds.
Begin MonoManager ReloadAssembly
Symbol file LoadedFromMemory doesn't match image C:\Users\Uaer\source\Platform\Library\PackageCache\com.unity.visualscripting@1.6.1\Editor\VisualScripting.Core\Dependencies\YamlDotNet\Unity.VisualScripting.YamlDotNet.dll
Symbol file LoadedFromMemory doesn't match image C:\Users\Uaer\source\Platform\Library\PackageCache\com.unity.visualscripting@1.6.1\Editor\VisualScripting.Core\Dependencies\DotNetZip\Unity.VisualScripting.IonicZip.dll
Native extension for WindowsStandalone target not found
Refreshing native plugins compatible for Editor in 0.82 ms, found 4 plugins.
Preloading 0 native plugins for Editor in 0.00 ms.
Mono: successfully reloaded assembly
- Completed reload, in  1.570 seconds
Domain Reload Profiling:
	ReloadAssembly (1570ms)
		BeginReloadAssembly (191ms)
			ExecutionOrderSort (0ms)
			DisableScriptedObjects (15ms)
			BackupInstance (0ms)
			ReleaseScriptingObjects (0ms)
			CreateAndSetChildDomain (58ms)
		EndReloadAssembly (1298ms)
			LoadAssemblies (136ms)
			RebuildTransferFunctionScriptingTraits (0ms)
			SetupTypeCache (469ms)
			ReleaseScriptCaches (1ms)
			RebuildScriptCaches (79ms)
			SetupLoadedEditorAssemblies (460ms)
				LogAssemblyErrors (0ms)
				InitializePlatformSupportModulesInManaged (7ms)
				SetLoadedEditorAssemblies (0ms)
				RefreshPlugins (1ms)
				BeforeProcessingInitializeOnLoad (87ms)
				ProcessInitializeOnLoadAttributes (346ms)
				ProcessInitializeOnLoadMethodAttributes (11ms)
				AfterProcessingInitializeOnLoad (7ms)
				EditorAssembliesLoaded (0ms)
			ExecutionOrderSort2 (0ms)
			AwakeInstancesAfterBackupRestoration (25ms)
Platform modules already initialized, skipping
Refreshing native plugins compatible for Editor in 1.26 ms, found 4 plugins.
Preloading 0 native plugins for Editor in 0.00 ms.
Unloading 3689 Unused Serialized files (Serialized files now loaded: 0)
System memory in use before: 141.0 MB.
System memory in use after: 141.2 MB.

Unloading 18 unused Assets to reduce memory usage. Loaded Objects now: 4201.
Total: 5.997400 ms (FindLiveObjects: 0.557500 ms CreateObjectMapping: 0.325600 ms MarkObjects: 5.068200 ms  DeleteObjects: 0.043900 ms)

AssetImportParameters requested are different than current active one (requested -> active):
  custom:framework-win-MediaFoundation: 216162199b28c13a410421893ffa2e32 -> 
  custom:video-decoder-ogg-theora: a1e56fd34408186e4bbccfd4996cb3dc -> 
  custom:container-muxer-webm: aa71ff27fc2769a1b78a27578f13a17b -> 
  custom:container-demuxer-webm: 4f35f7cbe854078d1ac9338744f61a02 -> 
  custom:container-demuxer-ogg: 62fdf1f143b41e24485cea50d1cbac27 -> 
  custom:video-encoder-webm-vp8: eb34c28f22e8b96e1ab97ce403110664 -> 
  custom:video-decoder-webm-vp8: 9c59270c3fd7afecdb556c50c9e8de78 -> 
  custom:audio-decoder-ogg-vorbis: bf7c407c2cedff20999df2af8eb42d56 -> 
  custom:audio-encoder-webm-vorbis: bf7c407c2cedff20999df2af8eb42d56 -> 
========================================================================
Received Prepare
Registering precompiled user dll's ...
Registered in 0.018307 seconds.
Begin MonoManager ReloadAssembly
Symbol file LoadedFromMemory doesn't match image C:\Users\Uaer\source\Platform\Library\PackageCache\com.unity.visualscripting@1.6.1\Editor\VisualScripting.Core\Dependencies\YamlDotNet\Unity.VisualScripting.YamlDotNet.dll
Symbol file LoadedFromMemory doesn't match image C:\Users\Uaer\source\Platform\Library\PackageCache\com.unity.visualscripting@1.6.1\Editor\VisualScripting.Core\Dependencies\DotNetZip\Unity.VisualScripting.IonicZip.dll
Native extension for WindowsStandalone target not found
Refreshing native plugins compatible for Editor in 0.88 ms, found 4 plugins.
Preloading 0 native plugins for Editor in 0.00 ms.
Mono: successfully reloaded assembly
- Completed reload, in  2.108 seconds
Domain Reload Profiling:
	ReloadAssembly (2108ms)
		BeginReloadAssembly (239ms)
			ExecutionOrderSort (0ms)
			DisableScriptedObjects (23ms)
			BackupInstance (0ms)
			ReleaseScriptingObjects (0ms)
			CreateAndSetChildDomain (55ms)
		EndReloadAssembly (1700ms)
			LoadAssemblies (296ms)
			RebuildTransferFunctionScriptingTraits (0ms)
			SetupTypeCache (920ms)
			ReleaseScriptCaches (2ms)
			RebuildScriptCaches (55ms)
			SetupLoadedEditorAssemblies (363ms)
				LogAssemblyErrors (0ms)
				InitializePlatformSupportModulesInManaged (7ms)
				SetLoadedEditorAssemblies (1ms)
				RefreshPlugins (1ms)
				BeforeProcessingInitializeOnLoad (79ms)
				ProcessInitializeOnLoadAttributes (259ms)
				ProcessInitializeOnLoadMethodAttributes (10ms)
				AfterProcessingInitializeOnLoad (6ms)
				EditorAssembliesLoaded (0ms)
			ExecutionOrderSort2 (0ms)
			AwakeInstancesAfterBackupRestoration (12ms)
Platform modules already initialized, skipping
Refreshing native plugins compatible for Editor in 0.74 ms, found 4 plugins.
Preloading 0 native plugins for Editor in 0.00 ms.
Unloading 3689 Unused Serialized files (Serialized files now loaded: 0)
System memory in use before: 141.0 MB.
System memory in use after: 141.3 MB.

Unloading 18 unused Assets to reduce memory usage. Loaded Objects now: 4204.
Total: 4.138600 ms (FindLiveObjects: 0.320700 ms CreateObjectMapping: 0.212100 ms MarkObjects: 3.474700 ms  DeleteObjects: 0.129900 ms)

AssetImportParameters requested are different than current active one (requested -> active):
  custom:framework-win-MediaFoundation: 216162199b28c13a410421893ffa2e32 -> 
  custom:video-decoder-ogg-theora: a1e56fd34408186e4bbccfd4996cb3dc -> 
  custom:container-muxer-webm: aa71ff27fc2769a1b78a27578f13a17b -> 
  custom:container-demuxer-webm: 4f35f7cbe854078d1ac9338744f61a02 -> 
  custom:container-demuxer-ogg: 62fdf1f143b41e24485cea50d1cbac27 -> 
  custom:video-encoder-webm-vp8: eb34c28f22e8b96e1ab97ce403110664 -> 
  custom:video-decoder-webm-vp8: 9c59270c3fd7afecdb556c50c9e8de78 -> 
  custom:audio-decoder-ogg-vorbis: bf7c407c2cedff20999df2af8eb42d56 -> 
  custom:audio-encoder-webm-vorbis: bf7c407c2cedff20999df2af8eb42d56 -> 
========================================================================
Received Import Request.
  Time since last request: 2058.834349 seconds.
  path: Assets/Scripts/Input/Enums/InputType.cs
  artifactKey: Guid(018fcdd636e228043ab38ccadbb750da) Importer(815301076,1909f56bfc062723c751e8b465ee728b)
Start importing Assets/Scripts/Input/Enums/InputType.cs using Guid(018fcdd636e228043ab38ccadbb750da) Importer(815301076,1909f56bfc062723c751e8b465ee728b)  -> (artifact id: '091bc3d5043eea1e79ffc1882771f736') in 0.013264 seconds 
